build/app/intermediates/manifest_merge_blame_file/release/manifest-merger-blame-release-report.txt
1<?xml version="1.0" encoding="utf-8"?>
2<manifest xmlns:android="http://schemas.android.com/apk/res/android"
3    package="com.example.suhamv1_app"
4    android:versionCode="1"
5    android:versionName="1.0.0" >
6
7    <uses-sdk
8        android:minSdkVersion="20"
8-->src\main\AndroidManifest.xml
9        android:targetSdkVersion="28" />
9-->src\main\AndroidManifest.xml
10
11    <uses-permission android:name="android.permission.READ_EXTERNAL_STORAGE" />
11-->[:image_picker] AndroidManifest.xml:7:5-80
11-->[:image_picker] AndroidManifest.xml:7:22-77
12    <uses-permission android:name="android.permission.WRITE_EXTERNAL_STORAGE" />
12-->[:image_picker] AndroidManifest.xml:8:5-81
12-->[:image_picker] AndroidManifest.xml:8:22-78
13
14    <uses-feature
14-->[com.mapbox.mapboxsdk:mapbox-android-sdk:9.2.0] AndroidManifest.xml:9:5-11:35
15        android:glEsVersion="0x00020000"
15-->[com.mapbox.mapboxsdk:mapbox-android-sdk:9.2.0] AndroidManifest.xml:10:9-41
16        android:required="true" />
16-->[com.mapbox.mapboxsdk:mapbox-android-sdk:9.2.0] AndroidManifest.xml:11:9-32
17    <uses-feature
17-->[com.mapbox.mapboxsdk:mapbox-android-sdk:9.2.0] AndroidManifest.xml:12:5-14:36
18        android:name="android.hardware.wifi"
18-->[com.mapbox.mapboxsdk:mapbox-android-sdk:9.2.0] AndroidManifest.xml:13:9-45
19        android:required="false" /> <!-- Implied by ACCESS_WIFI_STATE. -->
19-->[com.mapbox.mapboxsdk:mapbox-android-sdk:9.2.0] AndroidManifest.xml:14:9-33
20    <uses-permission android:name="android.permission.INTERNET" />
20-->[com.mapbox.mapboxsdk:mapbox-android-sdk:9.2.0] AndroidManifest.xml:16:5-67
20-->[com.mapbox.mapboxsdk:mapbox-android-sdk:9.2.0] AndroidManifest.xml:16:22-64
21    <uses-permission android:name="android.permission.ACCESS_NETWORK_STATE" />
21-->[com.mapbox.mapboxsdk:mapbox-android-sdk:9.2.0] AndroidManifest.xml:17:5-79
21-->[com.mapbox.mapboxsdk:mapbox-android-sdk:9.2.0] AndroidManifest.xml:17:22-76
22    <uses-permission android:name="android.permission.ACCESS_WIFI_STATE" />
22-->[com.mapbox.mapboxsdk:mapbox-android-sdk:9.2.0] AndroidManifest.xml:18:5-76
22-->[com.mapbox.mapboxsdk:mapbox-android-sdk:9.2.0] AndroidManifest.xml:18:22-73
23    <uses-permission android:name="android.permission.ACCESS_FINE_LOCATION" /> <!-- Required for CrashReporterJobIntentService on API levels below 25 -->
23-->[com.mapbox.mapboxsdk:mapbox-android-sdk:9.2.0] AndroidManifest.xml:19:5-79
23-->[com.mapbox.mapboxsdk:mapbox-android-sdk:9.2.0] AndroidManifest.xml:19:22-76
24    <uses-permission android:name="android.permission.WAKE_LOCK" />
24-->[com.mapbox.mapboxsdk:mapbox-android-telemetry:5.0.1] AndroidManifest.xml:12:5-68
24-->[com.mapbox.mapboxsdk:mapbox-android-telemetry:5.0.1] AndroidManifest.xml:12:22-65
25    <!--
26 io.flutter.app.FlutterApplication is an android.app.Application that
27         calls FlutterMain.startInitialization(this); in its onCreate method.
28         In most cases you can leave this as-is, but you if you want to provide
29         additional functionality it is fine to subclass or reimplement
30         FlutterApplication and put your custom class here.
31    -->
32    <application
32-->src\main\AndroidManifest.xml:8:5-46:19
33        android:name="io.flutter.app.FlutterApplication"
33-->src\main\AndroidManifest.xml:9:9-57
34        android:appComponentFactory="androidx.core.app.CoreComponentFactory"
34-->[androidx.core:core:1.1.0] AndroidManifest.xml:24:18-86
35        android:icon="@mipmap/ic_launcher"
35-->src\main\AndroidManifest.xml:11:9-43
36        android:label="SAHUM" >
36-->src\main\AndroidManifest.xml:10:9-30
37        <activity
37-->src\main\AndroidManifest.xml:12:9-40:20
38            android:name="com.example.suhamv1_app.MainActivity"
38-->src\main\AndroidManifest.xml:13:13-41
39            android:configChanges="orientation|keyboardHidden|keyboard|screenSize|smallestScreenSize|locale|layoutDirection|fontScale|screenLayout|density|uiMode"
39-->src\main\AndroidManifest.xml:16:13-163
40            android:hardwareAccelerated="true"
40-->src\main\AndroidManifest.xml:17:13-47
41            android:launchMode="singleTop"
41-->src\main\AndroidManifest.xml:14:13-43
42            android:theme="@style/LaunchTheme"
42-->src\main\AndroidManifest.xml:15:13-47
43            android:windowSoftInputMode="adjustResize" >
43-->src\main\AndroidManifest.xml:18:13-55
44
45            <!--
46                 Specifies an Android theme to apply to this Activity as soon as
47                 the Android process has started. This theme is visible to the user
48                 while the Flutter UI initializes. After that, this theme continues
49                 to determine the Window background behind the Flutter UI.
50            -->
51            <meta-data
51-->src\main\AndroidManifest.xml:23:13-26:17
52                android:name="io.flutter.embedding.android.NormalTheme"
52-->src\main\AndroidManifest.xml:24:15-70
53                android:resource="@style/NormalTheme" />
53-->src\main\AndroidManifest.xml:25:15-52
54            <!--
55                 Displays an Android View that continues showing the launch screen
56                 Drawable until Flutter paints its first frame, then this splash
57                 screen fades out. A splash screen is useful to avoid any visual
58                 gap between the end of Android's launch screen and the painting of
59                 Flutter's first frame.
60            -->
61            <meta-data
61-->src\main\AndroidManifest.xml:32:13-35:17
62                android:name="io.flutter.embedding.android.SplashScreenDrawable"
62-->src\main\AndroidManifest.xml:33:15-79
63                android:resource="@drawable/launch_background" />
63-->src\main\AndroidManifest.xml:34:15-61
64
65            <intent-filter>
65-->src\main\AndroidManifest.xml:36:13-39:29
66                <action android:name="android.intent.action.MAIN" />
66-->src\main\AndroidManifest.xml:37:17-68
66-->src\main\AndroidManifest.xml:37:25-66
67
68                <category android:name="android.intent.category.LAUNCHER" />
68-->src\main\AndroidManifest.xml:38:17-76
68-->src\main\AndroidManifest.xml:38:27-74
69            </intent-filter>
70        </activity>
71        <!--
72             Don't delete the meta-data below.
73             This is used by the Flutter tool to generate GeneratedPluginRegistrant.java
74        -->
75        <meta-data
75-->src\main\AndroidManifest.xml:43:9-45:33
76            android:name="flutterEmbedding"
76-->src\main\AndroidManifest.xml:44:13-44
77            android:value="2" />
77-->src\main\AndroidManifest.xml:45:13-30
78
79        <provider
79-->[:image_picker] AndroidManifest.xml:11:9-19:20
80            android:name="io.flutter.plugins.imagepicker.ImagePickerFileProvider"
80-->[:image_picker] AndroidManifest.xml:12:13-82
81            android:authorities="com.example.suhamv1_app.flutter.image_provider"
81-->[:image_picker] AndroidManifest.xml:13:13-74
82            android:exported="false"
82-->[:image_picker] AndroidManifest.xml:14:13-37
83            android:grantUriPermissions="true" >
83-->[:image_picker] AndroidManifest.xml:15:13-47
84            <meta-data
84-->[:image_picker] AndroidManifest.xml:16:13-18:75
85                android:name="android.support.FILE_PROVIDER_PATHS"
85-->[:image_picker] AndroidManifest.xml:17:17-67
86                android:resource="@xml/flutter_image_picker_file_paths" />
86-->[:image_picker] AndroidManifest.xml:18:17-72
87        </provider>
88
89        <activity
89-->[com.google.android.gms:play-services-base:17.0.0] AndroidManifest.xml:23:9-26:75
90            android:name="com.google.android.gms.common.api.GoogleApiActivity"
90-->[com.google.android.gms:play-services-base:17.0.0] AndroidManifest.xml:24:13-79
91            android:exported="false"
91-->[com.google.android.gms:play-services-base:17.0.0] AndroidManifest.xml:25:13-37
92            android:theme="@android:style/Theme.Translucent.NoTitleBar" />
92-->[com.google.android.gms:play-services-base:17.0.0] AndroidManifest.xml:26:13-72
93
94        <meta-data
94-->[com.google.android.gms:play-services-basement:17.0.0] AndroidManifest.xml:23:9-25:69
95            android:name="com.google.android.gms.version"
95-->[com.google.android.gms:play-services-basement:17.0.0] AndroidManifest.xml:24:13-58
96            android:value="@integer/google_play_services_version" />
96-->[com.google.android.gms:play-services-basement:17.0.0] AndroidManifest.xml:25:13-66
97
98        <provider
98-->[com.mapbox.mapboxsdk:mapbox-android-telemetry:5.0.1] AndroidManifest.xml:18:9-22:39
99            android:name="com.mapbox.android.telemetry.provider.MapboxTelemetryInitProvider"
99-->[com.mapbox.mapboxsdk:mapbox-android-telemetry:5.0.1] AndroidManifest.xml:19:13-93
100            android:authorities="com.example.suhamv1_app.mapboxtelemetryinitprovider"
100-->[com.mapbox.mapboxsdk:mapbox-android-telemetry:5.0.1] AndroidManifest.xml:20:13-79
101            android:exported="false"
101-->[com.mapbox.mapboxsdk:mapbox-android-telemetry:5.0.1] AndroidManifest.xml:21:13-37
102            android:initOrder="100" />
102-->[com.mapbox.mapboxsdk:mapbox-android-telemetry:5.0.1] AndroidManifest.xml:22:13-36
103
104        <service
104-->[com.mapbox.mapboxsdk:mapbox-android-telemetry:5.0.1] AndroidManifest.xml:24:9-26:72
105            android:name="com.mapbox.android.telemetry.errors.ErrorReporterJobIntentService"
105-->[com.mapbox.mapboxsdk:mapbox-android-telemetry:5.0.1] AndroidManifest.xml:25:13-93
106            android:permission="android.permission.BIND_JOB_SERVICE" />
106-->[com.mapbox.mapboxsdk:mapbox-android-telemetry:5.0.1] AndroidManifest.xml:26:13-69
107    </application>
108
109</manifest>